<?xml version="1.0" encoding="UTF-8" ?>
<testsuite errors="0" failures="0" hostname="PC20" name="Calculator.MainTest" skipped="0" tests="13" time="0.053" timestamp="2019-05-20T10:11:37">
  <properties>
[...]
</properties>
  <testcase classname="Calculator.MainTest" name="testCalcularDesdeTexto" time="0.002" />
  <testcase classname="Calculator.MainTest" name="testCalcularDesdeTexto2" time="0.0" />
  <testcase classname="Calculator.MainTest" name="testCalcularDesdeTexto3" time="0.0" />
  <testcase classname="Calculator.MainTest" name="testCalcularDesdeTexto4" time="0.0" />
  <testcase classname="Calculator.MainTest" name="testCalcularDesdeTexto5" time="0.001" />
  <testcase classname="Calculator.MainTest" name="testCalcularDesdeTexto6" time="0.001" />
  <testcase classname="Calculator.MainTest" name="testCalcularDesdeTexto7" time="0.0" />
  <testcase classname="Calculator.MainTest" name="testCalcularDesdeTexto8" time="0.0" />
  <testcase classname="Calculator.MainTest" name="testObtenerNumerosDetexto" time="0.0" />
  <testcase classname="Calculator.MainTest" name="testObtenerOperaciones2" time="0.0" />
  <testcase classname="Calculator.MainTest" name="testObtenerOperaciones" time="0.001" />
  <testcase classname="Calculator.MainTest" name="testObtenerNumerosDetexto2" time="0.0" />
  <testcase classname="Calculator.MainTest" name="testObtenerNumerosDetexto3" time="0.0" />
  <system-out><![CDATA[]]></system-out>
  <system-err><![CDATA[]]></system-err>
</testsuite>
